This is pdfTeX, Version 3.14159265-2.6-1.40.19 (TeX Live 2019/dev/Debian) (preloaded format=pdflatex 2020.2.4)  2 MAR 2020 09:40
entering extended mode
 restricted \write18 enabled.
 %&-line parsing enabled.
**oscilaciones.tex
(./oscilaciones.tex
LaTeX2e <2018-12-01>
(/usr/share/texlive/texmf-dist/tex/latex/base/article.cls
Document Class: article 2018/09/03 v1.4i Standard LaTeX document class
(/usr/share/texlive/texmf-dist/tex/latex/base/size11.clo
File: size11.clo 2018/09/03 v1.4i Standard LaTeX file (size option)
)
\c@part=\count80
\c@section=\count81
\c@subsection=\count82
\c@subsubsection=\count83
\c@paragraph=\count84
\c@subparagraph=\count85
\c@figure=\count86
\c@table=\count87
\abovecaptionskip=\skip41
\belowcaptionskip=\skip42
\bibindent=\dimen102
)
(/usr/share/texlive/texmf-dist/tex/generic/babel/babel.sty
Package: babel 2018/11/13 3.27 The Babel package

(/usr/share/texlive/texmf-dist/tex/generic/babel/switch.def
File: switch.def 2018/11/13 3.27 Babel switching mechanism
)
(/usr/share/texlive/texmf-dist/tex/generic/babel-spanish/spanish.ldf
Language: spanish.ldf 2016/03/03 v5.0p Spanish support from the babel system

(/usr/share/texlive/texmf-dist/tex/generic/babel/babel.def
File: babel.def 2018/11/13 3.27 Babel common definitions
\babel@savecnt=\count88
\U@D=\dimen103

(/usr/share/texlive/texmf-dist/tex/generic/babel/txtbabel.def)
\bbl@dirlevel=\count89
)
\es@quottoks=\toks14
\es@quotdepth=\count90
Package babel Info: Making " an active character on input line 561.
Package babel Info: Making . an active character on input line 662.
Package babel Info: Making < an active character on input line 707.
Package babel Info: Making > an active character on input line 707.
))
(/usr/share/texlive/texmf-dist/tex/latex/base/inputenc.sty
Package: inputenc 2018/08/11 v1.3c Input encoding file
\inpenc@prehook=\toks15
\inpenc@posthook=\toks16
)
(/usr/share/texlive/texmf-dist/tex/latex/float/float.sty
Package: float 2001/11/08 v1.3d Float enhancements (AL)
\c@float@type=\count91
\float@exts=\toks17
\float@box=\box27
\@float@everytoks=\toks18
\@floatcapt=\box28
)
(/usr/share/texlive/texmf-dist/tex/latex/units/units.sty
Package: units 1998/08/04 v0.9b Typesetting units

(/usr/share/texlive/texmf-dist/tex/latex/base/ifthen.sty
Package: ifthen 2014/09/29 v1.1c Standard LaTeX ifthen package (DPC)
)
(/usr/share/texlive/texmf-dist/tex/latex/units/nicefrac.sty
Package: nicefrac 1998/08/04 v0.9b Nice fractions
\L@UnitsRaiseDisplaystyle=\skip43
\L@UnitsRaiseTextstyle=\skip44
\L@UnitsRaiseScriptstyle=\skip45
))
(/usr/share/texlive/texmf-dist/tex/latex/siunitx/siunitx.sty
(/usr/share/texlive/texmf-dist/tex/latex/l3kernel/expl3.sty
Package: expl3 2019-02-15 L3 programming layer (loader) 

(/usr/share/texlive/texmf-dist/tex/latex/l3kernel/expl3-code.tex
Package: expl3 2019-02-15 L3 programming layer (code)
\c_max_int=\count92
\l_tmpa_int=\count93
\l_tmpb_int=\count94
\g_tmpa_int=\count95
\g_tmpb_int=\count96
\g__kernel_prg_map_int=\count97
\c_log_iow=\count98
\l_iow_line_count_int=\count99
\l__iow_line_target_int=\count100
\l__iow_one_indent_int=\count101
\l__iow_indent_int=\count102
\c_zero_dim=\dimen104
\c_max_dim=\dimen105
\l_tmpa_dim=\dimen106
\l_tmpb_dim=\dimen107
\g_tmpa_dim=\dimen108
\g_tmpb_dim=\dimen109
\c_zero_skip=\skip46
\c_max_skip=\skip47
\l_tmpa_skip=\skip48
\l_tmpb_skip=\skip49
\g_tmpa_skip=\skip50
\g_tmpb_skip=\skip51
\c_zero_muskip=\muskip10
\c_max_muskip=\muskip11
\l_tmpa_muskip=\muskip12
\l_tmpb_muskip=\muskip13
\g_tmpa_muskip=\muskip14
\g_tmpb_muskip=\muskip15
\l_keys_choice_int=\count103
\l__intarray_loop_int=\count104
\c__intarray_sp_dim=\dimen110
\g__intarray_font_int=\count105
\c__fp_leading_shift_int=\count106
\c__fp_middle_shift_int=\count107
\c__fp_trailing_shift_int=\count108
\c__fp_big_leading_shift_int=\count109
\c__fp_big_middle_shift_int=\count110
\c__fp_big_trailing_shift_int=\count111
\c__fp_Bigg_leading_shift_int=\count112
\c__fp_Bigg_middle_shift_int=\count113
\c__fp_Bigg_trailing_shift_int=\count114
\c__kernel_randint_max_int=\count115
\g__fp_array_int=\count116
\l__fp_array_loop_int=\count117
\l__sort_length_int=\count118
\l__sort_min_int=\count119
\l__sort_top_int=\count120
\l__sort_max_int=\count121
\l__sort_true_max_int=\count122
\l__sort_block_int=\count123
\l__sort_begin_int=\count124
\l__sort_end_int=\count125
\l__sort_A_int=\count126
\l__sort_B_int=\count127
\l__sort_C_int=\count128
\l__tl_analysis_normal_int=\count129
\l__tl_analysis_index_int=\count130
\l__tl_analysis_nesting_int=\count131
\l__tl_analysis_type_int=\count132
\l__regex_internal_a_int=\count133
\l__regex_internal_b_int=\count134
\l__regex_internal_c_int=\count135
\l__regex_balance_int=\count136
\l__regex_group_level_int=\count137
\l__regex_mode_int=\count138
\c__regex_cs_in_class_mode_int=\count139
\c__regex_cs_mode_int=\count140
\l__regex_catcodes_int=\count141
\l__regex_default_catcodes_int=\count142
\c__regex_catcode_D_int=\count143
\c__regex_catcode_S_int=\count144
\c__regex_catcode_L_int=\count145
\c__regex_catcode_O_int=\count146
\c__regex_catcode_A_int=\count147
\c__regex_all_catcodes_int=\count148
\l__regex_show_lines_int=\count149
\l__regex_min_state_int=\count150
\l__regex_max_state_int=\count151
\l__regex_left_state_int=\count152
\l__regex_right_state_int=\count153
\l__regex_capturing_group_int=\count154
\l__regex_min_pos_int=\count155
\l__regex_max_pos_int=\count156
\l__regex_curr_pos_int=\count157
\l__regex_start_pos_int=\count158
\l__regex_success_pos_int=\count159
\l__regex_curr_char_int=\count160
\l__regex_curr_catcode_int=\count161
\l__regex_last_char_int=\count162
\l__regex_case_changed_char_int=\count163
\l__regex_curr_state_int=\count164
\l__regex_step_int=\count165
\l__regex_min_active_int=\count166
\l__regex_max_active_int=\count167
\l__regex_replacement_csnames_int=\count168
\l__regex_match_count_int=\count169
\l__regex_min_submatch_int=\count170
\l__regex_submatch_int=\count171
\l__regex_zeroth_submatch_int=\count172
\g__regex_trace_regex_int=\count173
\c_empty_box=\box29
\l_tmpa_box=\box30
\l_tmpb_box=\box31
\g_tmpa_box=\box32
\g_tmpb_box=\box33
\l__box_top_dim=\dimen111
\l__box_bottom_dim=\dimen112
\l__box_left_dim=\dimen113
\l__box_right_dim=\dimen114
\l__box_top_new_dim=\dimen115
\l__box_bottom_new_dim=\dimen116
\l__box_left_new_dim=\dimen117
\l__box_right_new_dim=\dimen118
\l__box_internal_box=\box34
\l__coffin_internal_box=\box35
\l__coffin_internal_dim=\dimen119
\l__coffin_offset_x_dim=\dimen120
\l__coffin_offset_y_dim=\dimen121
\l__coffin_x_dim=\dimen122
\l__coffin_y_dim=\dimen123
\l__coffin_x_prime_dim=\dimen124
\l__coffin_y_prime_dim=\dimen125
\c_empty_coffin=\box36
\l__coffin_aligned_coffin=\box37
\l__coffin_aligned_internal_coffin=\box38
\l_tmpa_coffin=\box39
\l_tmpb_coffin=\box40
\g_tmpa_coffin=\box41
\g_tmpb_coffin=\box42
\c__coffin_empty_coffin=\box43
\l__coffin_display_coffin=\box44
\l__coffin_display_coord_coffin=\box45
\l__coffin_display_pole_coffin=\box46
\l__coffin_display_offset_dim=\dimen126
\l__coffin_display_x_dim=\dimen127
\l__coffin_display_y_dim=\dimen128
\g__file_internal_ior=\read1
\l__coffin_bounding_shift_dim=\dimen129
\l__coffin_left_corner_dim=\dimen130
\l__coffin_right_corner_dim=\dimen131
\l__coffin_bottom_corner_dim=\dimen132
\l__coffin_top_corner_dim=\dimen133
\l__coffin_scaled_total_height_dim=\dimen134
\l__coffin_scaled_width_dim=\dimen135
\l__seq_internal_a_int=\count174
\l__seq_internal_b_int=\count175
)
(/usr/share/texlive/texmf-dist/tex/latex/l3kernel/l3pdfmode.def
File: l3pdfmode.def 2019-02-15 v L3 Experimental driver: PDF mode
\l__driver_color_stack_int=\count176
))
(/usr/share/texlive/texmf-dist/tex/latex/l3packages/xparse/xparse.sty
Package: xparse 2018-10-17 L3 Experimental document command parser
\l__xparse_current_arg_int=\count177
\g__xparse_grabber_int=\count178
\l__xparse_m_args_int=\count179
\l__xparse_mandatory_args_int=\count180
\l__xparse_v_nesting_int=\count181
)
Package: siunitx 2018/05/17 v2.7s A comprehensive (SI) units package

(/usr/share/texlive/texmf-dist/tex/latex/amsmath/amstext.sty
Package: amstext 2000/06/29 v2.01 AMS text

(/usr/share/texlive/texmf-dist/tex/latex/amsmath/amsgen.sty
File: amsgen.sty 1999/11/30 v2.0 generic functions
\@emptytoks=\toks19
\ex@=\dimen136
))
(/usr/share/texlive/texmf-dist/tex/latex/tools/array.sty
Package: array 2018/12/30 v2.4k Tabular extension package (FMi)
\col@sep=\dimen137
\ar@mcellbox=\box47
\extrarowheight=\dimen138
\NC@list=\toks20
\extratabsurround=\skip52
\backup@length=\skip53
\ar@cellbox=\box48
)
(/usr/share/texlive/texmf-dist/tex/latex/l3packages/l3keys2e/l3keys2e.sty
Package: l3keys2e 2018-10-17 LaTeX2e option processing using LaTeX3 keys
)
\l__siunitx_tmp_box=\box49
\l__siunitx_tmp_dim=\dimen139
\l__siunitx_tmp_int=\count182
\l__siunitx_number_mantissa_length_int=\count183
\l__siunitx_number_uncert_length_int=\count184
\l__siunitx_round_int=\count185
\l__siunitx_process_decimal_int=\count186
\l__siunitx_process_uncertainty_int=\count187
\l__siunitx_process_fixed_int=\count188
\l__siunitx_process_integer_min_int=\count189
\l__siunitx_process_precision_int=\count190
\l__siunitx_group_min_int=\count191
\l__siunitx_angle_marker_box=\box50
\l__siunitx_angle_unit_box=\box51
\l__siunitx_angle_marker_dim=\dimen140
\l__siunitx_angle_unit_dim=\dimen141
\l__siunitx_unit_int=\count192
\l__siunitx_unit_denominator_int=\count193
\l__siunitx_unit_numerator_int=\count194
\l__siunitx_unit_prefix_int=\count195
\l__siunitx_unit_prefix_base_int=\count196
\l__siunitx_unit_prefix_gram_int=\count197
\l__siunitx_number_product_int=\count198
\c__siunitx_one_fill_skip=\skip54
\l__siunitx_table_unit_align_skip=\skip55
\l__siunitx_table_exponent_dim=\dimen142
\l__siunitx_table_integer_dim=\dimen143
\l__siunitx_table_mantissa_dim=\dimen144
\l__siunitx_table_marker_dim=\dimen145
\l__siunitx_table_result_dim=\dimen146
\l__siunitx_table_uncert_dim=\dimen147
\l__siunitx_table_fill_pre_dim=\dimen148
\l__siunitx_table_fill_post_dim=\dimen149
\l__siunitx_table_fill_mid_dim=\dimen150
\l__siunitx_table_pre_box=\box52
\l__siunitx_table_post_box=\box53
\l__siunitx_table_mantissa_box=\box54
\l__siunitx_table_result_box=\box55
\l__siunitx_table_number_align_skip=\skip56
\l__siunitx_table_text_align_skip=\skip57

(/usr/share/texlive/texmf-dist/tex/latex/translator/translator.sty
Package: translator 2018/01/04 v1.12 Easy translation of strings in LaTeX

(/usr/share/texlive/texmf-dist/tex/latex/graphics/keyval.sty
Package: keyval 2014/10/28 v1.15 key=value parser (DPC)
\KV@toks@=\toks21
)))
(/usr/share/texlive/texmf-dist/tex/latex/amsmath/amsmath.sty
Package: amsmath 2018/12/01 v2.17b AMS math features
\@mathmargin=\skip58

For additional information on amsmath, use the `?' option.
(/usr/share/texlive/texmf-dist/tex/latex/amsmath/amsbsy.sty
Package: amsbsy 1999/11/29 v1.2d Bold Symbols
\pmbraise@=\dimen151
)
(/usr/share/texlive/texmf-dist/tex/latex/amsmath/amsopn.sty
Package: amsopn 2016/03/08 v2.02 operator names
)
\inf@bad=\count199
LaTeX Info: Redefining \frac on input line 223.
\uproot@=\count266
\leftroot@=\count267
LaTeX Info: Redefining \overline on input line 385.
\classnum@=\count268
\DOTSCASE@=\count269
LaTeX Info: Redefining \ldots on input line 482.
LaTeX Info: Redefining \dots on input line 485.
LaTeX Info: Redefining \cdots on input line 606.
\Mathstrutbox@=\box56
\strutbox@=\box57
\big@size=\dimen152
LaTeX Font Info:    Redeclaring font encoding OML on input line 729.
LaTeX Font Info:    Redeclaring font encoding OMS on input line 730.
\macc@depth=\count270
\c@MaxMatrixCols=\count271
\dotsspace@=\muskip16
\c@parentequation=\count272
\dspbrk@lvl=\count273
\tag@help=\toks22
\row@=\count274
\column@=\count275
\maxfields@=\count276
\andhelp@=\toks23
\eqnshift@=\dimen153
\alignsep@=\dimen154
\tagshift@=\dimen155
\tagwidth@=\dimen156
\totwidth@=\dimen157
\lineht@=\dimen158
\@envbody=\toks24
\multlinegap=\skip59
\multlinetaggap=\skip60
\mathdisplay@stack=\toks25
LaTeX Info: Redefining \[ on input line 2844.
LaTeX Info: Redefining \] on input line 2845.
)
(/usr/share/texlive/texmf-dist/tex/latex/amsfonts/amssymb.sty
Package: amssymb 2013/01/14 v3.01 AMS font symbols

(/usr/share/texlive/texmf-dist/tex/latex/amsfonts/amsfonts.sty
Package: amsfonts 2013/01/14 v3.01 Basic AMSFonts support
\symAMSa=\mathgroup4
\symAMSb=\mathgroup5
LaTeX Font Info:    Overwriting math alphabet `\mathfrak' in version `bold'
(Font)                  U/euf/m/n --> U/euf/b/n on input line 106.
))
(/usr/share/texlive/texmf-dist/tex/latex/pgf/frontendlayer/tikz.sty
(/usr/share/texlive/texmf-dist/tex/latex/pgf/basiclayer/pgf.sty
(/usr/share/texlive/texmf-dist/tex/latex/pgf/utilities/pgfrcs.sty
(/usr/share/texlive/texmf-dist/tex/generic/pgf/utilities/pgfutil-common.tex
\pgfutil@everybye=\toks26
\pgfutil@tempdima=\dimen159
\pgfutil@tempdimb=\dimen160

(/usr/share/texlive/texmf-dist/tex/generic/pgf/utilities/pgfutil-common-lists.t
ex)) (/usr/share/texlive/texmf-dist/tex/generic/pgf/utilities/pgfutil-latex.def
\pgfutil@abb=\box58
(/usr/share/texlive/texmf-dist/tex/latex/ms/everyshi.sty
Package: everyshi 2001/05/15 v3.00 EveryShipout Package (MS)
))
(/usr/share/texlive/texmf-dist/tex/generic/pgf/utilities/pgfrcs.code.tex
(/usr/share/texlive/texmf-dist/tex/generic/pgf/pgf.revision.tex)
Package: pgfrcs 2019/02/02 v3.1.1 (3.1.1)
))
Package: pgf 2019/02/02 v3.1.1 (3.1.1)

(/usr/share/texlive/texmf-dist/tex/latex/pgf/basiclayer/pgfcore.sty
(/usr/share/texlive/texmf-dist/tex/latex/graphics/graphicx.sty
Package: graphicx 2017/06/01 v1.1a Enhanced LaTeX Graphics (DPC,SPQR)

(/usr/share/texlive/texmf-dist/tex/latex/graphics/graphics.sty
Package: graphics 2017/06/25 v1.2c Standard LaTeX Graphics (DPC,SPQR)

(/usr/share/texlive/texmf-dist/tex/latex/graphics/trig.sty
Package: trig 2016/01/03 v1.10 sin cos tan (DPC)
)
(/usr/share/texlive/texmf-dist/tex/latex/graphics-cfg/graphics.cfg
File: graphics.cfg 2016/06/04 v1.11 sample graphics configuration
)
Package graphics Info: Driver file: pdftex.def on input line 99.

(/usr/share/texlive/texmf-dist/tex/latex/graphics-def/pdftex.def
File: pdftex.def 2018/01/08 v1.0l Graphics/color driver for pdftex
))
\Gin@req@height=\dimen161
\Gin@req@width=\dimen162
)
(/usr/share/texlive/texmf-dist/tex/latex/pgf/systemlayer/pgfsys.sty
(/usr/share/texlive/texmf-dist/tex/generic/pgf/systemlayer/pgfsys.code.tex
Package: pgfsys 2019/02/02 v3.1.1 (3.1.1)

(/usr/share/texlive/texmf-dist/tex/generic/pgf/utilities/pgfkeys.code.tex
\pgfkeys@pathtoks=\toks27
\pgfkeys@temptoks=\toks28

(/usr/share/texlive/texmf-dist/tex/generic/pgf/utilities/pgfkeysfiltered.code.t
ex
\pgfkeys@tmptoks=\toks29
))
\pgf@x=\dimen163
\pgf@y=\dimen164
\pgf@xa=\dimen165
\pgf@ya=\dimen166
\pgf@xb=\dimen167
\pgf@yb=\dimen168
\pgf@xc=\dimen169
\pgf@yc=\dimen170
\w@pgf@writea=\write3
\r@pgf@reada=\read2
\c@pgf@counta=\count277
\c@pgf@countb=\count278
\c@pgf@countc=\count279
\c@pgf@countd=\count280
\t@pgf@toka=\toks30
\t@pgf@tokb=\toks31
\t@pgf@tokc=\toks32
\pgf@sys@id@count=\count281
 (/usr/share/texlive/texmf-dist/tex/generic/pgf/systemlayer/pgf.cfg
File: pgf.cfg 2019/02/02 v3.1.1 (3.1.1)
)
Driver file for pgf: pgfsys-pdftex.def

(/usr/share/texlive/texmf-dist/tex/generic/pgf/systemlayer/pgfsys-pdftex.def
File: pgfsys-pdftex.def 2019/02/02 v3.1.1 (3.1.1)

(/usr/share/texlive/texmf-dist/tex/generic/pgf/systemlayer/pgfsys-common-pdf.de
f
File: pgfsys-common-pdf.def 2019/02/02 v3.1.1 (3.1.1)
)))
(/usr/share/texlive/texmf-dist/tex/generic/pgf/systemlayer/pgfsyssoftpath.code.
tex
File: pgfsyssoftpath.code.tex 2019/02/02 v3.1.1 (3.1.1)
\pgfsyssoftpath@smallbuffer@items=\count282
\pgfsyssoftpath@bigbuffer@items=\count283
)
(/usr/share/texlive/texmf-dist/tex/generic/pgf/systemlayer/pgfsysprotocol.code.
tex
File: pgfsysprotocol.code.tex 2019/02/02 v3.1.1 (3.1.1)
)) (/usr/share/texlive/texmf-dist/tex/latex/xcolor/xcolor.sty
Package: xcolor 2016/05/11 v2.12 LaTeX color extensions (UK)

(/usr/share/texlive/texmf-dist/tex/latex/graphics-cfg/color.cfg
File: color.cfg 2016/01/02 v1.6 sample color configuration
)
Package xcolor Info: Driver file: pdftex.def on input line 225.
Package xcolor Info: Model `cmy' substituted by `cmy0' on input line 1348.
Package xcolor Info: Model `hsb' substituted by `rgb' on input line 1352.
Package xcolor Info: Model `RGB' extended on input line 1364.
Package xcolor Info: Model `HTML' substituted by `rgb' on input line 1366.
Package xcolor Info: Model `Hsb' substituted by `hsb' on input line 1367.
Package xcolor Info: Model `tHsb' substituted by `hsb' on input line 1368.
Package xcolor Info: Model `HSB' substituted by `hsb' on input line 1369.
Package xcolor Info: Model `Gray' substituted by `gray' on input line 1370.
Package xcolor Info: Model `wave' substituted by `hsb' on input line 1371.
)
(/usr/share/texlive/texmf-dist/tex/generic/pgf/basiclayer/pgfcore.code.tex
Package: pgfcore 2019/02/02 v3.1.1 (3.1.1)

(/usr/share/texlive/texmf-dist/tex/generic/pgf/math/pgfmath.code.tex
(/usr/share/texlive/texmf-dist/tex/generic/pgf/math/pgfmathcalc.code.tex
(/usr/share/texlive/texmf-dist/tex/generic/pgf/math/pgfmathutil.code.tex)
(/usr/share/texlive/texmf-dist/tex/generic/pgf/math/pgfmathparser.code.tex
\pgfmath@dimen=\dimen171
\pgfmath@count=\count284
\pgfmath@box=\box59
\pgfmath@toks=\toks33
\pgfmath@stack@operand=\toks34
\pgfmath@stack@operation=\toks35
)
(/usr/share/texlive/texmf-dist/tex/generic/pgf/math/pgfmathfunctions.code.tex
(/usr/share/texlive/texmf-dist/tex/generic/pgf/math/pgfmathfunctions.basic.code
.tex)
(/usr/share/texlive/texmf-dist/tex/generic/pgf/math/pgfmathfunctions.trigonomet
ric.code.tex)
(/usr/share/texlive/texmf-dist/tex/generic/pgf/math/pgfmathfunctions.random.cod
e.tex)
(/usr/share/texlive/texmf-dist/tex/generic/pgf/math/pgfmathfunctions.comparison
.code.tex)
(/usr/share/texlive/texmf-dist/tex/generic/pgf/math/pgfmathfunctions.base.code.
tex)
(/usr/share/texlive/texmf-dist/tex/generic/pgf/math/pgfmathfunctions.round.code
.tex)
(/usr/share/texlive/texmf-dist/tex/generic/pgf/math/pgfmathfunctions.misc.code.
tex)
(/usr/share/texlive/texmf-dist/tex/generic/pgf/math/pgfmathfunctions.integerari
thmetics.code.tex)))
(/usr/share/texlive/texmf-dist/tex/generic/pgf/math/pgfmathfloat.code.tex
\c@pgfmathroundto@lastzeros=\count285
))
(/usr/share/texlive/texmf-dist/tex/generic/pgf/basiclayer/pgfcorepoints.code.te
x
File: pgfcorepoints.code.tex 2019/02/02 v3.1.1 (3.1.1)
\pgf@picminx=\dimen172
\pgf@picmaxx=\dimen173
\pgf@picminy=\dimen174
\pgf@picmaxy=\dimen175
\pgf@pathminx=\dimen176
\pgf@pathmaxx=\dimen177
\pgf@pathminy=\dimen178
\pgf@pathmaxy=\dimen179
\pgf@xx=\dimen180
\pgf@xy=\dimen181
\pgf@yx=\dimen182
\pgf@yy=\dimen183
\pgf@zx=\dimen184
\pgf@zy=\dimen185
)
(/usr/share/texlive/texmf-dist/tex/generic/pgf/basiclayer/pgfcorepathconstruct.
code.tex
File: pgfcorepathconstruct.code.tex 2019/02/02 v3.1.1 (3.1.1)
\pgf@path@lastx=\dimen186
\pgf@path@lasty=\dimen187
)
(/usr/share/texlive/texmf-dist/tex/generic/pgf/basiclayer/pgfcorepathusage.code
.tex
File: pgfcorepathusage.code.tex 2019/02/02 v3.1.1 (3.1.1)
\pgf@shorten@end@additional=\dimen188
\pgf@shorten@start@additional=\dimen189
)
(/usr/share/texlive/texmf-dist/tex/generic/pgf/basiclayer/pgfcorescopes.code.te
x
File: pgfcorescopes.code.tex 2019/02/02 v3.1.1 (3.1.1)
\pgfpic=\box60
\pgf@hbox=\box61
\pgf@layerbox@main=\box62
\pgf@picture@serial@count=\count286
)
(/usr/share/texlive/texmf-dist/tex/generic/pgf/basiclayer/pgfcoregraphicstate.c
ode.tex
File: pgfcoregraphicstate.code.tex 2019/02/02 v3.1.1 (3.1.1)
\pgflinewidth=\dimen190
)
(/usr/share/texlive/texmf-dist/tex/generic/pgf/basiclayer/pgfcoretransformation
s.code.tex
File: pgfcoretransformations.code.tex 2019/02/02 v3.1.1 (3.1.1)
\pgf@pt@x=\dimen191
\pgf@pt@y=\dimen192
\pgf@pt@temp=\dimen193
)
(/usr/share/texlive/texmf-dist/tex/generic/pgf/basiclayer/pgfcorequick.code.tex
File: pgfcorequick.code.tex 2019/02/02 v3.1.1 (3.1.1)
)
(/usr/share/texlive/texmf-dist/tex/generic/pgf/basiclayer/pgfcoreobjects.code.t
ex
File: pgfcoreobjects.code.tex 2019/02/02 v3.1.1 (3.1.1)
)
(/usr/share/texlive/texmf-dist/tex/generic/pgf/basiclayer/pgfcorepathprocessing
.code.tex
File: pgfcorepathprocessing.code.tex 2019/02/02 v3.1.1 (3.1.1)
)
(/usr/share/texlive/texmf-dist/tex/generic/pgf/basiclayer/pgfcorearrows.code.te
x
File: pgfcorearrows.code.tex 2019/02/02 v3.1.1 (3.1.1)
\pgfarrowsep=\dimen194
)
(/usr/share/texlive/texmf-dist/tex/generic/pgf/basiclayer/pgfcoreshade.code.tex
File: pgfcoreshade.code.tex 2019/02/02 v3.1.1 (3.1.1)
\pgf@max=\dimen195
\pgf@sys@shading@range@num=\count287
)
(/usr/share/texlive/texmf-dist/tex/generic/pgf/basiclayer/pgfcoreimage.code.tex
File: pgfcoreimage.code.tex 2019/02/02 v3.1.1 (3.1.1)

(/usr/share/texlive/texmf-dist/tex/generic/pgf/basiclayer/pgfcoreexternal.code.
tex
File: pgfcoreexternal.code.tex 2019/02/02 v3.1.1 (3.1.1)
\pgfexternal@startupbox=\box63
))
(/usr/share/texlive/texmf-dist/tex/generic/pgf/basiclayer/pgfcorelayers.code.te
x
File: pgfcorelayers.code.tex 2019/02/02 v3.1.1 (3.1.1)
)
(/usr/share/texlive/texmf-dist/tex/generic/pgf/basiclayer/pgfcoretransparency.c
ode.tex
File: pgfcoretransparency.code.tex 2019/02/02 v3.1.1 (3.1.1)
)
(/usr/share/texlive/texmf-dist/tex/generic/pgf/basiclayer/pgfcorepatterns.code.
tex
File: pgfcorepatterns.code.tex 2019/02/02 v3.1.1 (3.1.1)
)
(/usr/share/texlive/texmf-dist/tex/generic/pgf/basiclayer/pgfcorerdf.code.tex
File: pgfcorerdf.code.tex 2019/02/02 v3.1.1 (3.1.1)
)))
(/usr/share/texlive/texmf-dist/tex/generic/pgf/modules/pgfmoduleshapes.code.tex
File: pgfmoduleshapes.code.tex 2019/02/02 v3.1.1 (3.1.1)
\pgfnodeparttextbox=\box64
) (/usr/share/texlive/texmf-dist/tex/generic/pgf/modules/pgfmoduleplot.code.tex
File: pgfmoduleplot.code.tex 2019/02/02 v3.1.1 (3.1.1)
)
(/usr/share/texlive/texmf-dist/tex/latex/pgf/compatibility/pgfcomp-version-0-65
.sty
Package: pgfcomp-version-0-65 2019/02/02 v3.1.1 (3.1.1)
\pgf@nodesepstart=\dimen196
\pgf@nodesepend=\dimen197
)
(/usr/share/texlive/texmf-dist/tex/latex/pgf/compatibility/pgfcomp-version-1-18
.sty
Package: pgfcomp-version-1-18 2019/02/02 v3.1.1 (3.1.1)
)) (/usr/share/texlive/texmf-dist/tex/latex/pgf/utilities/pgffor.sty
(/usr/share/texlive/texmf-dist/tex/latex/pgf/utilities/pgfkeys.sty
(/usr/share/texlive/texmf-dist/tex/generic/pgf/utilities/pgfkeys.code.tex))
(/usr/share/texlive/texmf-dist/tex/latex/pgf/math/pgfmath.sty
(/usr/share/texlive/texmf-dist/tex/generic/pgf/math/pgfmath.code.tex))
(/usr/share/texlive/texmf-dist/tex/generic/pgf/utilities/pgffor.code.tex
Package: pgffor 2019/02/02 v3.1.1 (3.1.1)

(/usr/share/texlive/texmf-dist/tex/generic/pgf/math/pgfmath.code.tex)
\pgffor@iter=\dimen198
\pgffor@skip=\dimen199
\pgffor@stack=\toks36
\pgffor@toks=\toks37
))
(/usr/share/texlive/texmf-dist/tex/generic/pgf/frontendlayer/tikz/tikz.code.tex
Package: tikz 2019/02/02 v3.1.1 (3.1.1)

(/usr/share/texlive/texmf-dist/tex/generic/pgf/libraries/pgflibraryplothandlers
.code.tex
File: pgflibraryplothandlers.code.tex 2019/02/02 v3.1.1 (3.1.1)
\pgf@plot@mark@count=\count288
\pgfplotmarksize=\dimen256
)
\tikz@lastx=\dimen257
\tikz@lasty=\dimen258
\tikz@lastxsaved=\dimen259
\tikz@lastysaved=\dimen260
\tikzleveldistance=\dimen261
\tikzsiblingdistance=\dimen262
\tikz@figbox=\box65
\tikz@figbox@bg=\box66
\tikz@tempbox=\box67
\tikz@tempbox@bg=\box68
\tikztreelevel=\count289
\tikznumberofchildren=\count290
\tikznumberofcurrentchild=\count291
\tikz@fig@count=\count292

(/usr/share/texlive/texmf-dist/tex/generic/pgf/modules/pgfmodulematrix.code.tex
File: pgfmodulematrix.code.tex 2019/02/02 v3.1.1 (3.1.1)
\pgfmatrixcurrentrow=\count293
\pgfmatrixcurrentcolumn=\count294
\pgf@matrix@numberofcolumns=\count295
)
\tikz@expandcount=\count296

(/usr/share/texlive/texmf-dist/tex/generic/pgf/frontendlayer/tikz/libraries/tik
zlibrarytopaths.code.tex
File: tikzlibrarytopaths.code.tex 2019/02/02 v3.1.1 (3.1.1)
))) (./DimLinesTikz.tex
(/usr/share/texlive/texmf-dist/tex/generic/pgf/frontendlayer/tikz/libraries/tik
zlibrarycalc.code.tex
File: tikzlibrarycalc.code.tex 2019/02/02 v3.1.1 (3.1.1)
))
(/usr/share/texlive/texmf-dist/tex/generic/pgf/frontendlayer/tikz/libraries/tik
zlibrarydecorations.pathmorphing.code.tex
(/usr/share/texlive/texmf-dist/tex/generic/pgf/frontendlayer/tikz/libraries/tik
zlibrarydecorations.code.tex
(/usr/share/texlive/texmf-dist/tex/generic/pgf/modules/pgfmoduledecorations.cod
e.tex
\pgfdecoratedcompleteddistance=\dimen263
\pgfdecoratedremainingdistance=\dimen264
\pgfdecoratedinputsegmentcompleteddistance=\dimen265
\pgfdecoratedinputsegmentremainingdistance=\dimen266
\pgf@decorate@distancetomove=\dimen267
\pgf@decorate@repeatstate=\count297
\pgfdecorationsegmentamplitude=\dimen268
\pgfdecorationsegmentlength=\dimen269
)
\tikz@lib@dec@box=\box69
)
(/usr/share/texlive/texmf-dist/tex/generic/pgf/libraries/decorations/pgflibrary
decorations.pathmorphing.code.tex))
(/usr/share/texlive/texmf-dist/tex/generic/pgf/frontendlayer/tikz/libraries/tik
zlibrarypatterns.code.tex
File: tikzlibrarypatterns.code.tex 2019/02/02 v3.1.1 (3.1.1)

(/usr/share/texlive/texmf-dist/tex/generic/pgf/libraries/pgflibrarypatterns.cod
e.tex
File: pgflibrarypatterns.code.tex 2019/02/02 v3.1.1 (3.1.1)
)) (/usr/share/texlive/texmf-dist/tex/latex/lastpage/lastpage.sty
Package: lastpage 2015/03/29 v1.2m Refers to last page's name (HMM; JPG)
)
(/usr/share/texlive/texmf-dist/tex/latex/fancyhdr/fancyhdr.sty
Package: fancyhdr 2019/01/31 v3.10 Extensive control of page headers and footer
s
\f@nch@headwidth=\skip61
\f@nch@O@elh=\skip62
\f@nch@O@erh=\skip63
\f@nch@O@olh=\skip64
\f@nch@O@orh=\skip65
\f@nch@O@elf=\skip66
\f@nch@O@erf=\skip67
\f@nch@O@olf=\skip68
\f@nch@O@orf=\skip69
)

Package Fancyhdr Warning: \fancyfoot's `E' option without twoside option is use
less on input line 38.

(./oscilaciones.aux
LaTeX Info: Redefining \. on input line 6.
LaTeX Info: Redefining \% on input line 6.
)
\openout1 = `oscilaciones.aux'.

LaTeX Font Info:    Checking defaults for OML/cmm/m/it on input line 43.
LaTeX Font Info:    ... okay on input line 43.
LaTeX Font Info:    Checking defaults for T1/cmr/m/n on input line 43.
LaTeX Font Info:    ... okay on input line 43.
LaTeX Font Info:    Checking defaults for OT1/cmr/m/n on input line 43.
LaTeX Font Info:    ... okay on input line 43.
LaTeX Font Info:    Checking defaults for OMS/cmsy/m/n on input line 43.
LaTeX Font Info:    ... okay on input line 43.
LaTeX Font Info:    Checking defaults for OMX/cmex/m/n on input line 43.
LaTeX Font Info:    ... okay on input line 43.
LaTeX Font Info:    Checking defaults for U/cmr/m/n on input line 43.
LaTeX Font Info:    ... okay on input line 43.
LaTeX Info: Redefining \. on input line 43.
LaTeX Info: Redefining \% on input line 43.
Now handling font encoding TS1 ...
... processing UTF-8 mapping file for font encoding TS1
 (/usr/share/texlive/texmf-dist/tex/latex/base/ts1enc.dfu
File: ts1enc.dfu 2018/10/05 v1.2f UTF-8 support for inputenc
   defining Unicode char U+00A2 (decimal 162)
   defining Unicode char U+00A3 (decimal 163)
   defining Unicode char U+00A4 (decimal 164)
   defining Unicode char U+00A5 (decimal 165)
   defining Unicode char U+00A6 (decimal 166)
   defining Unicode char U+00A7 (decimal 167)
   defining Unicode char U+00A8 (decimal 168)
   defining Unicode char U+00A9 (decimal 169)
   defining Unicode char U+00AA (decimal 170)
   defining Unicode char U+00AC (decimal 172)
   defining Unicode char U+00AE (decimal 174)
   defining Unicode char U+00AF (decimal 175)
   defining Unicode char U+00B0 (decimal 176)
   defining Unicode char U+00B1 (decimal 177)
   defining Unicode char U+00B2 (decimal 178)
   defining Unicode char U+00B3 (decimal 179)
   defining Unicode char U+00B4 (decimal 180)
   defining Unicode char U+00B5 (decimal 181)
   defining Unicode char U+00B6 (decimal 182)
   defining Unicode char U+00B7 (decimal 183)
   defining Unicode char U+00B9 (decimal 185)
   defining Unicode char U+00BA (decimal 186)
   defining Unicode char U+00BC (decimal 188)
   defining Unicode char U+00BD (decimal 189)
   defining Unicode char U+00BE (decimal 190)
   defining Unicode char U+00D7 (decimal 215)
   defining Unicode char U+00F7 (decimal 247)
   defining Unicode char U+0192 (decimal 402)
   defining Unicode char U+02C7 (decimal 711)
   defining Unicode char U+02D8 (decimal 728)
   defining Unicode char U+02DD (decimal 733)
   defining Unicode char U+0E3F (decimal 3647)
   defining Unicode char U+2016 (decimal 8214)
   defining Unicode char U+2020 (decimal 8224)
   defining Unicode char U+2021 (decimal 8225)
   defining Unicode char U+2022 (decimal 8226)
   defining Unicode char U+2030 (decimal 8240)
   defining Unicode char U+2031 (decimal 8241)
   defining Unicode char U+203B (decimal 8251)
   defining Unicode char U+203D (decimal 8253)
   defining Unicode char U+2044 (decimal 8260)
   defining Unicode char U+204E (decimal 8270)
   defining Unicode char U+2052 (decimal 8274)
   defining Unicode char U+20A1 (decimal 8353)
   defining Unicode char U+20A4 (decimal 8356)
   defining Unicode char U+20A6 (decimal 8358)
   defining Unicode char U+20A9 (decimal 8361)
   defining Unicode char U+20AB (decimal 8363)
   defining Unicode char U+20AC (decimal 8364)
   defining Unicode char U+20B1 (decimal 8369)
   defining Unicode char U+2103 (decimal 8451)
   defining Unicode char U+2116 (decimal 8470)
   defining Unicode char U+2117 (decimal 8471)
   defining Unicode char U+211E (decimal 8478)
   defining Unicode char U+2120 (decimal 8480)
   defining Unicode char U+2122 (decimal 8482)
   defining Unicode char U+2126 (decimal 8486)
   defining Unicode char U+2127 (decimal 8487)
   defining Unicode char U+212E (decimal 8494)
   defining Unicode char U+2190 (decimal 8592)
   defining Unicode char U+2191 (decimal 8593)
   defining Unicode char U+2192 (decimal 8594)
   defining Unicode char U+2193 (decimal 8595)
   defining Unicode char U+2329 (decimal 9001)
   defining Unicode char U+232A (decimal 9002)
   defining Unicode char U+2422 (decimal 9250)
   defining Unicode char U+25E6 (decimal 9702)
   defining Unicode char U+25EF (decimal 9711)
   defining Unicode char U+266A (decimal 9834)
   defining Unicode char U+FEFF (decimal 65279)
)
(/usr/share/texlive/texmf-dist/tex/latex/translator/translator-basic-dictionary
-English.dict
Dictionary: translator-basic-dictionary, Language: English 
)
(/usr/share/texlive/texmf-dist/tex/latex/translator/translator-basic-dictionary
-Spanish.dict
Dictionary: translator-basic-dictionary, Language: Spanish 
)
(/usr/share/texlive/texmf-dist/tex/latex/siunitx/siunitx-abbreviations.cfg
File: siunitx-abbreviations.cfg 2017/11/26 v2.7k siunitx: Abbreviated units
)
ABD: EveryShipout initializing macros
(/usr/share/texlive/texmf-dist/tex/context/base/mkii/supp-pdf.mkii
[Loading MPS to PDF converter (version 2006.09.02).]
\scratchcounter=\count298
\scratchdimen=\dimen270
\scratchbox=\box70
\nofMPsegments=\count299
\nofMParguments=\count300
\everyMPshowfont=\toks38
\MPscratchCnt=\count301
\MPscratchDim=\dimen271
\MPnumerator=\count302
\makeMPintoPDFobject=\count303
\everyMPtoPDFconversion=\toks39
) (/usr/share/texlive/texmf-dist/tex/latex/oberdiek/epstopdf-base.sty
Package: epstopdf-base 2016/05/15 v2.6 Base part for package epstopdf

(/usr/share/texlive/texmf-dist/tex/generic/oberdiek/infwarerr.sty
Package: infwarerr 2016/05/16 v1.4 Providing info/warning/error messages (HO)
)
(/usr/share/texlive/texmf-dist/tex/latex/oberdiek/grfext.sty
Package: grfext 2016/05/16 v1.2 Manage graphics extensions (HO)

(/usr/share/texlive/texmf-dist/tex/generic/oberdiek/kvdefinekeys.sty
Package: kvdefinekeys 2016/05/16 v1.4 Define keys (HO)

(/usr/share/texlive/texmf-dist/tex/generic/oberdiek/ltxcmds.sty
Package: ltxcmds 2016/05/16 v1.23 LaTeX kernel commands for general use (HO)
)))
(/usr/share/texlive/texmf-dist/tex/latex/oberdiek/kvoptions.sty
Package: kvoptions 2016/05/16 v3.12 Key value format for package options (HO)

(/usr/share/texlive/texmf-dist/tex/generic/oberdiek/kvsetkeys.sty
Package: kvsetkeys 2016/05/16 v1.17 Key value parser (HO)

(/usr/share/texlive/texmf-dist/tex/generic/oberdiek/etexcmds.sty
Package: etexcmds 2016/05/16 v1.6 Avoid name clashes with e-TeX commands (HO)

(/usr/share/texlive/texmf-dist/tex/generic/oberdiek/ifluatex.sty
Package: ifluatex 2016/05/16 v1.4 Provides the ifluatex switch (HO)
Package ifluatex Info: LuaTeX not detected.
))))
(/usr/share/texlive/texmf-dist/tex/generic/oberdiek/pdftexcmds.sty
Package: pdftexcmds 2018/09/10 v0.29 Utility functions of pdfTeX for LuaTeX (HO
)

(/usr/share/texlive/texmf-dist/tex/generic/oberdiek/ifpdf.sty
Package: ifpdf 2018/09/07 v3.3 Provides the ifpdf switch
)
Package pdftexcmds Info: LuaTeX not detected.
Package pdftexcmds Info: \pdf@primitive is available.
Package pdftexcmds Info: \pdf@ifprimitive is available.
Package pdftexcmds Info: \pdfdraftmode found.
)
Package epstopdf-base Info: Redefining graphics rule for `.eps' on input line 4
38.
Package grfext Info: Graphics extension search list:
(grfext)             [.pdf,.png,.jpg,.mps,.jpeg,.jbig2,.jb2,.PDF,.PNG,.JPG,.JPE
G,.JBIG2,.JB2,.eps]
(grfext)             \AppendGraphicsExtensions on input line 456.

(/usr/share/texlive/texmf-dist/tex/latex/latexconfig/epstopdf-sys.cfg
File: epstopdf-sys.cfg 2010/07/13 v1.3 Configuration of (r)epstopdf for TeX Liv
e
))
Package lastpage Info: Please have a look at the pageslts package at
(lastpage)             https://www.ctan.org/pkg/pageslts
(lastpage)             ! on input line 43.
LaTeX Font Info:    Try loading font information for U+msa on input line 43.

(/usr/share/texlive/texmf-dist/tex/latex/amsfonts/umsa.fd
File: umsa.fd 2013/01/14 v3.01 AMS symbols A
)
LaTeX Font Info:    Try loading font information for U+msb on input line 43.

(/usr/share/texlive/texmf-dist/tex/latex/amsfonts/umsb.fd
File: umsb.fd 2013/01/14 v3.01 AMS symbols B
)
LaTeX Font Info:    Try loading font information for OMS+cmr on input line 45.

(/usr/share/texlive/texmf-dist/tex/latex/base/omscmr.fd
File: omscmr.fd 2014/09/29 v2.5h Standard LaTeX font definitions
)
LaTeX Font Info:    Font shape `OMS/cmr/m/n' in size <10.95> not available
(Font)              Font shape `OMS/cmsy/m/n' tried instead on input line 45.
Package epstopdf Info: Source file: <./graphs_oscilaciones/ej1-1.eps>
(epstopdf)                    date: 2017-03-06 15:23:23
(epstopdf)                    size: 6423 bytes
(epstopdf)             Output file: <./graphs_oscilaciones/ej1-1-eps-converted-
to.pdf>
(epstopdf)                    date: 2017-03-06 15:24:38
(epstopdf)                    size: 3495 bytes
(epstopdf)             Command: <repstopdf --outfile=./graphs_oscilaciones/ej1-
1-eps-converted-to.pdf ./graphs_oscilaciones/ej1-1.eps>
(epstopdf)             \includegraphics on input line 76.
Package epstopdf Info: Output file is already uptodate.
<./graphs_oscilaciones/ej1-1-eps-converted-to.pdf, id=4, 548.0475pt x 295.1025p
t>
File: ./graphs_oscilaciones/ej1-1-eps-converted-to.pdf Graphic file (type pdf)
<use ./graphs_oscilaciones/ej1-1-eps-converted-to.pdf>
Package pdftex.def Info: ./graphs_oscilaciones/ej1-1-eps-converted-to.pdf  used
 on input line 76.
(pdftex.def)             Requested size: 137.01154pt x 73.77544pt.
 [1

{/var/lib/texmf/fonts/map/pdftex/updmap/pdftex.map} <./graphs_oscilaciones/ej1-
1-eps-converted-to.pdf>]
LaTeX Font Info:    Try loading font information for U+euf on input line 143.
 (/usr/share/texlive/texmf-dist/tex/latex/amsfonts/ueuf.fd
File: ueuf.fd 2013/01/14 v3.01 Euler Fraktur
)
Package epstopdf Info: Source file: <./graphs_oscilaciones/ej1-6.eps>
(epstopdf)                    date: 2017-03-06 15:23:28
(epstopdf)                    size: 13814 bytes
(epstopdf)             Output file: <./graphs_oscilaciones/ej1-6-eps-converted-
to.pdf>
(epstopdf)                    date: 2017-03-06 15:24:38
(epstopdf)                    size: 7027 bytes
(epstopdf)             Command: <repstopdf --outfile=./graphs_oscilaciones/ej1-
6-eps-converted-to.pdf ./graphs_oscilaciones/ej1-6.eps>
(epstopdf)             \includegraphics on input line 172.
Package epstopdf Info: Output file is already uptodate.
<./graphs_oscilaciones/ej1-6-eps-converted-to.pdf, id=27, 513.92pt x 464.73625p
t>
File: ./graphs_oscilaciones/ej1-6-eps-converted-to.pdf Graphic file (type pdf)
<use ./graphs_oscilaciones/ej1-6-eps-converted-to.pdf>
Package pdftex.def Info: ./graphs_oscilaciones/ej1-6-eps-converted-to.pdf  used
 on input line 172.
(pdftex.def)             Requested size: 128.47968pt x 116.18378pt.
 [2 <./graphs_oscilaciones/ej1-6-eps-converted-to.pdf>]
Package epstopdf Info: Source file: <./graphs_oscilaciones/ej1-7.eps>
(epstopdf)                    date: 2017-03-06 15:23:33
(epstopdf)                    size: 13625 bytes
(epstopdf)             Output file: <./graphs_oscilaciones/ej1-7-eps-converted-
to.pdf>
(epstopdf)                    date: 2017-03-06 15:24:38
(epstopdf)                    size: 7112 bytes
(epstopdf)             Command: <repstopdf --outfile=./graphs_oscilaciones/ej1-
7-eps-converted-to.pdf ./graphs_oscilaciones/ej1-7.eps>
(epstopdf)             \includegraphics on input line 192.
Package epstopdf Info: Output file is already uptodate.
<./graphs_oscilaciones/ej1-7-eps-converted-to.pdf, id=36, 453.695pt x 383.4325p
t>
File: ./graphs_oscilaciones/ej1-7-eps-converted-to.pdf Graphic file (type pdf)
<use ./graphs_oscilaciones/ej1-7-eps-converted-to.pdf>
Package pdftex.def Info: ./graphs_oscilaciones/ej1-7-eps-converted-to.pdf  used
 on input line 192.
(pdftex.def)             Requested size: 136.10954pt x 115.03062pt.
Package epstopdf Info: Source file: <./graphs_oscilaciones/ej1-8.eps>
(epstopdf)                    date: 2017-03-06 15:23:36
(epstopdf)                    size: 8548 bytes
(epstopdf)             Output file: <./graphs_oscilaciones/ej1-8-eps-converted-
to.pdf>
(epstopdf)                    date: 2017-03-06 15:24:39
(epstopdf)                    size: 4287 bytes
(epstopdf)             Command: <repstopdf --outfile=./graphs_oscilaciones/ej1-
8-eps-converted-to.pdf ./graphs_oscilaciones/ej1-8.eps>
(epstopdf)             \includegraphics on input line 216.
Package epstopdf Info: Output file is already uptodate.
<./graphs_oscilaciones/ej1-8-eps-converted-to.pdf, id=38, 632.3625pt x 233.8737
5pt>
File: ./graphs_oscilaciones/ej1-8-eps-converted-to.pdf Graphic file (type pdf)
<use ./graphs_oscilaciones/ej1-8-eps-converted-to.pdf>
Package pdftex.def Info: ./graphs_oscilaciones/ej1-8-eps-converted-to.pdf  used
 on input line 216.
(pdftex.def)             Requested size: 158.09024pt x 58.46828pt.
Package epstopdf Info: Source file: <./graphs_oscilaciones/ej1-9.eps>
(epstopdf)                    date: 2017-03-06 15:23:40
(epstopdf)                    size: 10109 bytes
(epstopdf)             Output file: <./graphs_oscilaciones/ej1-9-eps-converted-
to.pdf>
(epstopdf)                    date: 2017-03-06 15:24:39
(epstopdf)                    size: 5295 bytes
(epstopdf)             Command: <repstopdf --outfile=./graphs_oscilaciones/ej1-
9-eps-converted-to.pdf ./graphs_oscilaciones/ej1-9.eps>
(epstopdf)             \includegraphics on input line 236.
Package epstopdf Info: Output file is already uptodate.
<./graphs_oscilaciones/ej1-9-eps-converted-to.pdf, id=40, 514.92375pt x 236.885
pt>
File: ./graphs_oscilaciones/ej1-9-eps-converted-to.pdf Graphic file (type pdf)
<use ./graphs_oscilaciones/ej1-9-eps-converted-to.pdf>
Package pdftex.def Info: ./graphs_oscilaciones/ej1-9-eps-converted-to.pdf  used
 on input line 236.
(pdftex.def)             Requested size: 128.73062pt x 59.2211pt.
 [3 <./graphs_oscilaciones/ej1-7-eps-converted-to.pdf> <./graphs_oscilaciones/e
j1-8-eps-converted-to.pdf> <./graphs_oscilaciones/ej1-9-eps-converted-to.pdf>]
Package epstopdf Info: Source file: <./graphs_oscilaciones/ej1-10.eps>
(epstopdf)                    date: 2017-03-06 15:23:47
(epstopdf)                    size: 13466 bytes
(epstopdf)             Output file: <./graphs_oscilaciones/ej1-10-eps-converted
-to.pdf>
(epstopdf)                    date: 2017-03-06 15:24:39
(epstopdf)                    size: 5812 bytes
(epstopdf)             Command: <repstopdf --outfile=./graphs_oscilaciones/ej1-
10-eps-converted-to.pdf ./graphs_oscilaciones/ej1-10.eps>
(epstopdf)             \includegraphics on input line 253.
Package epstopdf Info: Output file is already uptodate.
<./graphs_oscilaciones/ej1-10-eps-converted-to.pdf, id=55, 945.5325pt x 443.657
5pt>
File: ./graphs_oscilaciones/ej1-10-eps-converted-to.pdf Graphic file (type pdf)

<use ./graphs_oscilaciones/ej1-10-eps-converted-to.pdf>
Package pdftex.def Info: ./graphs_oscilaciones/ej1-10-eps-converted-to.pdf  use
d on input line 253.
(pdftex.def)             Requested size: 236.38254pt x 110.9141pt.
Package epstopdf Info: Source file: <./graphs_oscilaciones/ej1-11.eps>
(epstopdf)                    date: 2017-03-06 15:23:52
(epstopdf)                    size: 21828 bytes
(epstopdf)             Output file: <./graphs_oscilaciones/ej1-11-eps-converted
-to.pdf>
(epstopdf)                    date: 2017-03-06 15:24:40
(epstopdf)                    size: 9408 bytes
(epstopdf)             Command: <repstopdf --outfile=./graphs_oscilaciones/ej1-
11-eps-converted-to.pdf ./graphs_oscilaciones/ej1-11.eps>
(epstopdf)             \includegraphics on input line 274.
Package epstopdf Info: Output file is already uptodate.
<./graphs_oscilaciones/ej1-11-eps-converted-to.pdf, id=57, 1542.76375pt x 274.0
2374pt>
File: ./graphs_oscilaciones/ej1-11-eps-converted-to.pdf Graphic file (type pdf)

<use ./graphs_oscilaciones/ej1-11-eps-converted-to.pdf>
Package pdftex.def Info: ./graphs_oscilaciones/ej1-11-eps-converted-to.pdf  use
d on input line 274.
(pdftex.def)             Requested size: 385.68999pt x 68.50577pt.
Package epstopdf Info: Source file: <./graphs_oscilaciones/ej1-12.eps>
(epstopdf)                    date: 2017-03-06 15:23:56
(epstopdf)                    size: 13529 bytes
(epstopdf)             Output file: <./graphs_oscilaciones/ej1-12-eps-converted
-to.pdf>
(epstopdf)                    date: 2017-03-06 15:24:40
(epstopdf)                    size: 6014 bytes
(epstopdf)             Command: <repstopdf --outfile=./graphs_oscilaciones/ej1-
12-eps-converted-to.pdf ./graphs_oscilaciones/ej1-12.eps>
(epstopdf)             \includegraphics on input line 304.
Package epstopdf Info: Output file is already uptodate.
<./graphs_oscilaciones/ej1-12-eps-converted-to.pdf, id=59, 973.6375pt x 386.443
76pt>
File: ./graphs_oscilaciones/ej1-12-eps-converted-to.pdf Graphic file (type pdf)

<use ./graphs_oscilaciones/ej1-12-eps-converted-to.pdf>
Package pdftex.def Info: ./graphs_oscilaciones/ej1-12-eps-converted-to.pdf  use
d on input line 304.
(pdftex.def)             Requested size: 243.40877pt x 96.6107pt.
 [4 <./graphs_oscilaciones/ej1-10-eps-converted-to.pdf> <./graphs_oscilaciones/
ej1-11-eps-converted-to.pdf>]
Package epstopdf Info: Source file: <./graphs_oscilaciones/ej1-14.eps>
(epstopdf)                    date: 2017-03-06 15:24:00
(epstopdf)                    size: 13217 bytes
(epstopdf)             Output file: <./graphs_oscilaciones/ej1-14-eps-converted
-to.pdf>
(epstopdf)                    date: 2017-03-06 15:24:41
(epstopdf)                    size: 6259 bytes
(epstopdf)             Command: <repstopdf --outfile=./graphs_oscilaciones/ej1-
14-eps-converted-to.pdf ./graphs_oscilaciones/ej1-14.eps>
(epstopdf)             \includegraphics on input line 342.
Package epstopdf Info: Output file is already uptodate.
<./graphs_oscilaciones/ej1-14-eps-converted-to.pdf, id=70, 602.25pt x 374.39874
pt>
File: ./graphs_oscilaciones/ej1-14-eps-converted-to.pdf Graphic file (type pdf)

<use ./graphs_oscilaciones/ej1-14-eps-converted-to.pdf>
Package pdftex.def Info: ./graphs_oscilaciones/ej1-14-eps-converted-to.pdf  use
d on input line 342.
(pdftex.def)             Requested size: 150.56212pt x 93.59946pt.
Package epstopdf Info: Source file: <./graphs_oscilaciones/ej1-15.eps>
(epstopdf)                    date: 2017-03-06 15:24:05
(epstopdf)                    size: 11417 bytes
(epstopdf)             Output file: <./graphs_oscilaciones/ej1-15-eps-converted
-to.pdf>
(epstopdf)                    date: 2017-03-06 15:24:41
(epstopdf)                    size: 4898 bytes
(epstopdf)             Command: <repstopdf --outfile=./graphs_oscilaciones/ej1-
15-eps-converted-to.pdf ./graphs_oscilaciones/ej1-15.eps>
(epstopdf)             \includegraphics on input line 362.
Package epstopdf Info: Output file is already uptodate.
<./graphs_oscilaciones/ej1-15-eps-converted-to.pdf, id=72, 990.70125pt x 418.56
375pt>
File: ./graphs_oscilaciones/ej1-15-eps-converted-to.pdf Graphic file (type pdf)

<use ./graphs_oscilaciones/ej1-15-eps-converted-to.pdf>
Package pdftex.def Info: ./graphs_oscilaciones/ej1-15-eps-converted-to.pdf  use
d on input line 362.
(pdftex.def)             Requested size: 247.6747pt x 104.64067pt.
 [5 <./graphs_oscilaciones/ej1-12-eps-converted-to.pdf> <./graphs_oscilaciones/
ej1-14-eps-converted-to.pdf>]
Package epstopdf Info: Source file: <./graphs_oscilaciones/ej1-16.eps>
(epstopdf)                    date: 2017-03-06 15:24:09
(epstopdf)                    size: 20372 bytes
(epstopdf)             Output file: <./graphs_oscilaciones/ej1-16-eps-converted
-to.pdf>
(epstopdf)                    date: 2017-03-06 15:24:41
(epstopdf)                    size: 8230 bytes
(epstopdf)             Command: <repstopdf --outfile=./graphs_oscilaciones/ej1-
16-eps-converted-to.pdf ./graphs_oscilaciones/ej1-16.eps>
(epstopdf)             \includegraphics on input line 375.
Package epstopdf Info: Output file is already uptodate.
<./graphs_oscilaciones/ej1-16-eps-converted-to.pdf, id=83, 1447.4075pt x 561.09
625pt>
File: ./graphs_oscilaciones/ej1-16-eps-converted-to.pdf Graphic file (type pdf)

<use ./graphs_oscilaciones/ej1-16-eps-converted-to.pdf>
Package pdftex.def Info: ./graphs_oscilaciones/ej1-16-eps-converted-to.pdf  use
d on input line 375.
(pdftex.def)             Requested size: 361.851pt x 140.27371pt.
Package epstopdf Info: Source file: <./graphs_oscilaciones/ej1-17.eps>
(epstopdf)                    date: 2017-03-06 15:24:13
(epstopdf)                    size: 16365 bytes
(epstopdf)             Output file: <./graphs_oscilaciones/ej1-17-eps-converted
-to.pdf>
(epstopdf)                    date: 2017-03-06 15:24:42
(epstopdf)                    size: 7621 bytes
(epstopdf)             Command: <repstopdf --outfile=./graphs_oscilaciones/ej1-
17-eps-converted-to.pdf ./graphs_oscilaciones/ej1-17.eps>
(epstopdf)             \includegraphics on input line 382.
Package epstopdf Info: Output file is already uptodate.
<./graphs_oscilaciones/ej1-17-eps-converted-to.pdf, id=85, 1170.3725pt x 381.42
5pt>
File: ./graphs_oscilaciones/ej1-17-eps-converted-to.pdf Graphic file (type pdf)

<use ./graphs_oscilaciones/ej1-17-eps-converted-to.pdf>
Package pdftex.def Info: ./graphs_oscilaciones/ej1-17-eps-converted-to.pdf  use
d on input line 382.
(pdftex.def)             Requested size: 292.5924pt x 95.356pt.
 [6 <./graphs_oscilaciones/ej1-15-eps-converted-to.pdf> <./graphs_oscilaciones/
ej1-16-eps-converted-to.pdf> <./graphs_oscilaciones/ej1-17-eps-converted-to.pdf
>]
Package epstopdf Info: Source file: <./graphs_oscilaciones/ej1-25.eps>
(epstopdf)                    date: 2017-03-06 15:24:18
(epstopdf)                    size: 9934 bytes
(epstopdf)             Output file: <./graphs_oscilaciones/ej1-25-eps-converted
-to.pdf>
(epstopdf)                    date: 2017-03-06 15:24:42
(epstopdf)                    size: 5116 bytes
(epstopdf)             Command: <repstopdf --outfile=./graphs_oscilaciones/ej1-
25-eps-converted-to.pdf ./graphs_oscilaciones/ej1-25.eps>
(epstopdf)             \includegraphics on input line 505.
Package epstopdf Info: Output file is already uptodate.
<./graphs_oscilaciones/ej1-25-eps-converted-to.pdf, id=99, 671.50874pt x 454.69
875pt>
File: ./graphs_oscilaciones/ej1-25-eps-converted-to.pdf Graphic file (type pdf)

<use ./graphs_oscilaciones/ej1-25-eps-converted-to.pdf>
Package pdftex.def Info: ./graphs_oscilaciones/ej1-25-eps-converted-to.pdf  use
d on input line 505.
(pdftex.def)             Requested size: 167.87677pt x 113.67441pt.
 [7]
Package epstopdf Info: Source file: <./graphs_oscilaciones/ej1-30.eps>
(epstopdf)                    date: 2017-03-06 15:24:23
(epstopdf)                    size: 12080 bytes
(epstopdf)             Output file: <./graphs_oscilaciones/ej1-30-eps-converted
-to.pdf>
(epstopdf)                    date: 2017-03-06 15:24:42
(epstopdf)                    size: 5811 bytes
(epstopdf)             Command: <repstopdf --outfile=./graphs_oscilaciones/ej1-
30-eps-converted-to.pdf ./graphs_oscilaciones/ej1-30.eps>
(epstopdf)             \includegraphics on input line 569.
Package epstopdf Info: Output file is already uptodate.
<./graphs_oscilaciones/ej1-30-eps-converted-to.pdf, id=105, 633.36626pt x 302.1
2875pt>
File: ./graphs_oscilaciones/ej1-30-eps-converted-to.pdf Graphic file (type pdf)

<use ./graphs_oscilaciones/ej1-30-eps-converted-to.pdf>
Package pdftex.def Info: ./graphs_oscilaciones/ej1-30-eps-converted-to.pdf  use
d on input line 569.
(pdftex.def)             Requested size: 158.34117pt x 75.532pt.
 [8 <./graphs_oscilaciones/ej1-25-eps-converted-to.pdf>]
Package epstopdf Info: Source file: <./graphs_oscilaciones/ej1-31.eps>
(epstopdf)                    date: 2017-03-06 15:24:26
(epstopdf)                    size: 14005 bytes
(epstopdf)             Output file: <./graphs_oscilaciones/ej1-31-eps-converted
-to.pdf>
(epstopdf)                    date: 2017-03-06 15:24:43
(epstopdf)                    size: 7501 bytes
(epstopdf)             Command: <repstopdf --outfile=./graphs_oscilaciones/ej1-
31-eps-converted-to.pdf ./graphs_oscilaciones/ej1-31.eps>
(epstopdf)             \includegraphics on input line 592.
Package epstopdf Info: Output file is already uptodate.
<./graphs_oscilaciones/ej1-31-eps-converted-to.pdf, id=113, 607.26875pt x 238.8
925pt>
File: ./graphs_oscilaciones/ej1-31-eps-converted-to.pdf Graphic file (type pdf)

<use ./graphs_oscilaciones/ej1-31-eps-converted-to.pdf>
Package pdftex.def Info: ./graphs_oscilaciones/ej1-31-eps-converted-to.pdf  use
d on input line 592.
(pdftex.def)             Requested size: 151.81682pt x 59.72298pt.
Package epstopdf Info: Source file: <./graphs_oscilaciones/ej1-32.eps>
(epstopdf)                    date: 2017-03-06 15:24:30
(epstopdf)                    size: 11565 bytes
(epstopdf)             Output file: <./graphs_oscilaciones/ej1-32-eps-converted
-to.pdf>
(epstopdf)                    date: 2017-03-06 15:24:43
(epstopdf)                    size: 5849 bytes
(epstopdf)             Command: <repstopdf --outfile=./graphs_oscilaciones/ej1-
32-eps-converted-to.pdf ./graphs_oscilaciones/ej1-32.eps>
(epstopdf)             \includegraphics on input line 608.
Package epstopdf Info: Output file is already uptodate.
<./graphs_oscilaciones/ej1-32-eps-converted-to.pdf, id=115, 840.13875pt x 407.5
225pt>
File: ./graphs_oscilaciones/ej1-32-eps-converted-to.pdf Graphic file (type pdf)

<use ./graphs_oscilaciones/ej1-32-eps-converted-to.pdf>
Package pdftex.def Info: ./graphs_oscilaciones/ej1-32-eps-converted-to.pdf  use
d on input line 608.
(pdftex.def)             Requested size: 210.03416pt x 101.88037pt.
Package epstopdf Info: Source file: <./graphs_oscilaciones/ej1-33.eps>
(epstopdf)                    date: 2017-03-06 15:24:34
(epstopdf)                    size: 9011 bytes
(epstopdf)             Output file: <./graphs_oscilaciones/ej1-33-eps-converted
-to.pdf>
(epstopdf)                    date: 2017-03-06 15:24:43
(epstopdf)                    size: 4818 bytes
(epstopdf)             Command: <repstopdf --outfile=./graphs_oscilaciones/ej1-
33-eps-converted-to.pdf ./graphs_oscilaciones/ej1-33.eps>
(epstopdf)             \includegraphics on input line 626.
Package epstopdf Info: Output file is already uptodate.
<./graphs_oscilaciones/ej1-33-eps-converted-to.pdf, id=117, 754.82pt x 384.4362
5pt>
File: ./graphs_oscilaciones/ej1-33-eps-converted-to.pdf Graphic file (type pdf)

<use ./graphs_oscilaciones/ej1-33-eps-converted-to.pdf>
Package pdftex.def Info: ./graphs_oscilaciones/ej1-33-eps-converted-to.pdf  use
d on input line 626.
(pdftex.def)             Requested size: 188.70454pt x 96.10883pt.
[9 <./graphs_oscilaciones/ej1-30-eps-converted-to.pdf> <./graphs_oscilaciones/e
j1-31-eps-converted-to.pdf> <./graphs_oscilaciones/ej1-32-eps-converted-to.pdf>
] 
AED: lastpage setting LastPage
[10 <./graphs_oscilaciones/ej1-33-eps-converted-to.pdf>] (./oscilaciones.aux
LaTeX Info: Redefining \. on input line 6.
LaTeX Info: Redefining \% on input line 6.
) ) 
Here is how much of TeX's memory you used:
 26380 strings out of 494426
 543002 string characters out of 6173935
 543354 words of memory out of 5000000
 29660 multiletter control sequences out of 15000+600000
 541569 words of font info for 59 fonts, out of 8000000 for 9000
 85 hyphenation exceptions out of 8191
 55i,12n,65p,413b,594s stack positions out of 5000i,500n,10000p,200000b,80000s
</usr/share/texlive/texmf-dist/fonts/type1/public/amsfonts/cm/cmbx10.pfb></u
sr/share/texlive/texmf-dist/fonts/type1/public/amsfonts/cm/cmbx12.pfb></usr/sha
re/texlive/texmf-dist/fonts/type1/public/amsfonts/cm/cmcsc10.pfb></usr/share/te
xlive/texmf-dist/fonts/type1/public/amsfonts/cm/cmex10.pfb></usr/share/texlive/
texmf-dist/fonts/type1/public/amsfonts/cm/cmmi10.pfb></usr/share/texlive/texmf-
dist/fonts/type1/public/amsfonts/cm/cmmi6.pfb></usr/share/texlive/texmf-dist/fo
nts/type1/public/amsfonts/cm/cmmi8.pfb></usr/share/texlive/texmf-dist/fonts/typ
e1/public/amsfonts/cm/cmr10.pfb></usr/share/texlive/texmf-dist/fonts/type1/publ
ic/amsfonts/cm/cmr6.pfb></usr/share/texlive/texmf-dist/fonts/type1/public/amsfo
nts/cm/cmr8.pfb></usr/share/texlive/texmf-dist/fonts/type1/public/amsfonts/cm/c
msy10.pfb></usr/share/texlive/texmf-dist/fonts/type1/public/amsfonts/cm/cmsy8.p
fb></usr/share/texlive/texmf-dist/fonts/type1/public/amsfonts/cm/cmti10.pfb></u
sr/share/texlive/texmf-dist/fonts/type1/public/amsfonts/cm/cmtt10.pfb></usr/sha
re/texlive/texmf-dist/fonts/type1/public/amsfonts/euler/eufm10.pfb>
Output written on oscilaciones.pdf (10 pages, 259392 bytes).
PDF statistics:
 186 PDF objects out of 1000 (max. 8388607)
 123 compressed objects within 2 object streams
 0 named destinations out of 1000 (max. 500000)
 200 words of extra memory for PDF output out of 10000 (max. 10000000)

